# JRE version: OpenJDK Runtime Environment (8.0_191-b12) (build 1.8.0_191-8u191-b12-0ubuntu0.18.04.1-b12)
# Java VM: OpenJDK 64-Bit Server VM (25.191-b12 mixed mode linux-amd64 compressed oops)
Heap:
 PSYoungGen      total 226304K, used 0K [0x00000000eb900000, 0x0000000100000000, 0x0000000100000000)
  eden space 117760K, 0% used [0x00000000eb900000,0x00000000eb900000,0x00000000f2c00000)
  from space 108544K, 0% used [0x00000000f2c00000,0x00000000f2c00000,0x00000000f9600000)
  to   space 108544K, 0% used [0x00000000f9600000,0x00000000f9600000,0x0000000100000000)
 ParOldGen       total 335360K, used 308079K [0x00000000c2a00000, 0x00000000d7180000, 0x00000000eb900000)
  object space 335360K, 91% used [0x00000000c2a00000,0x00000000d56dbe10,0x00000000d7180000)
 Metaspace       used 47764K, capacity 49508K, committed 49792K, reserved 1093632K
  class space    used 6161K, capacity 6506K, committed 6528K, reserved 1048576K
GC Heap History (10 events):
Event: 23.587 GC heap after
Heap after GC invocations=19 (full 4):
 PSYoungGen      total 216064K, used 62994K [0x00000000eb900000, 0x0000000100000000, 0x0000000100000000)
  eden space 152576K, 0% used [0x00000000eb900000,0x00000000eb900000,0x00000000f4e00000)
  from space 63488K, 99% used [0x00000000f4e00000,0x00000000f8b84808,0x00000000f8c00000)
  to   space 97792K, 0% used [0x00000000fa080000,0x00000000fa080000,0x0000000100000000)
 ParOldGen       total 335360K, used 245432K [0x00000000c2a00000, 0x00000000d7180000, 0x00000000eb900000)
  object space 335360K, 73% used [0x00000000c2a00000,0x00000000d19ae040,0x00000000d7180000)
 Metaspace       used 47764K, capacity 49508K, committed 49792K, reserved 1093632K
  class space    used 6161K, capacity 6506K, committed 6528K, reserved 1048576K
}
Event: 23.764 GC heap before
{Heap before GC invocations=20 (full 4):
 PSYoungGen      total 216064K, used 215570K [0x00000000eb900000, 0x0000000100000000, 0x0000000100000000)
  eden space 152576K, 100% used [0x00000000eb900000,0x00000000f4e00000,0x00000000f4e00000)
  from space 63488K, 99% used [0x00000000f4e00000,0x00000000f8b84808,0x00000000f8c00000)
  to   space 97792K, 0% used [0x00000000fa080000,0x00000000fa080000,0x0000000100000000)
 ParOldGen       total 335360K, used 245432K [0x00000000c2a00000, 0x00000000d7180000, 0x00000000eb900000)
  object space 335360K, 73% used [0x00000000c2a00000,0x00000000d19ae040,0x00000000d7180000)
 Metaspace       used 47764K, capacity 49508K, committed 49792K, reserved 1093632K
  class space    used 6161K, capacity 6506K, committed 6528K, reserved 1048576K
Event: 23.826 GC heap after
Heap after GC invocations=20 (full 4):
 PSYoungGen      total 227840K, used 62962K [0x00000000eb900000, 0x0000000100000000, 0x0000000100000000)
  eden space 130048K, 0% used [0x00000000eb900000,0x00000000eb900000,0x00000000f3800000)
  from space 97792K, 64% used [0x00000000fa080000,0x00000000fddfc808,0x0000000100000000)
  to   space 102400K, 0% used [0x00000000f3800000,0x00000000f3800000,0x00000000f9c00000)
 ParOldGen       total 335360K, used 245432K [0x00000000c2a00000, 0x00000000d7180000, 0x00000000eb900000)
  object space 335360K, 73% used [0x00000000c2a00000,0x00000000d19ae040,0x00000000d7180000)
 Metaspace       used 47764K, capacity 49508K, committed 49792K, reserved 1093632K
  class space    used 6161K, capacity 6506K, committed 6528K, reserved 1048576K
}
Event: 23.974 GC heap before
{Heap before GC invocations=21 (full 4):
 PSYoungGen      total 227840K, used 193010K [0x00000000eb900000, 0x0000000100000000, 0x0000000100000000)
  eden space 130048K, 100% used [0x00000000eb900000,0x00000000f3800000,0x00000000f3800000)
  from space 97792K, 64% used [0x00000000fa080000,0x00000000fddfc808,0x0000000100000000)
  to   space 102400K, 0% used [0x00000000f3800000,0x00000000f3800000,0x00000000f9c00000)
 ParOldGen       total 335360K, used 245432K [0x00000000c2a00000, 0x00000000d7180000, 0x00000000eb900000)
  object space 335360K, 73% used [0x00000000c2a00000,0x00000000d19ae040,0x00000000d7180000)
 Metaspace       used 47764K, capacity 49508K, committed 49792K, reserved 1093632K
  class space    used 6161K, capacity 6506K, committed 6528K, reserved 1048576K
Event: 24.012 GC heap after
Heap after GC invocations=21 (full 4):
 PSYoungGen      total 193536K, used 62994K [0x00000000eb900000, 0x0000000100000000, 0x0000000100000000)
  eden space 130048K, 0% used [0x00000000eb900000,0x00000000eb900000,0x00000000f3800000)
  from space 63488K, 99% used [0x00000000f3800000,0x00000000f7584808,0x00000000f7600000)
  to   space 105984K, 0% used [0x00000000f9880000,0x00000000f9880000,0x0000000100000000)
 ParOldGen       total 335360K, used 245432K [0x00000000c2a00000, 0x00000000d7180000, 0x00000000eb900000)
  object space 335360K, 73% used [0x00000000c2a00000,0x00000000d19ae040,0x00000000d7180000)
 Metaspace       used 47764K, capacity 49508K, committed 49792K, reserved 1093632K
  class space    used 6161K, capacity 6506K, committed 6528K, reserved 1048576K
}
Event: 24.144 GC heap before
{Heap before GC invocations=22 (full 4):
 PSYoungGen      total 193536K, used 193042K [0x00000000eb900000, 0x0000000100000000, 0x0000000100000000)
  eden space 130048K, 100% used [0x00000000eb900000,0x00000000f3800000,0x00000000f3800000)
  from space 63488K, 99% used [0x00000000f3800000,0x00000000f7584808,0x00000000f7600000)
  to   space 105984K, 0% used [0x00000000f9880000,0x00000000f9880000,0x0000000100000000)
 ParOldGen       total 335360K, used 245432K [0x00000000c2a00000, 0x00000000d7180000, 0x00000000eb900000)
  object space 335360K, 73% used [0x00000000c2a00000,0x00000000d19ae040,0x00000000d7180000)
 Metaspace       used 47764K, capacity 49508K, committed 49792K, reserved 1093632K
  class space    used 6161K, capacity 6506K, committed 6528K, reserved 1048576K
Event: 24.189 GC heap after
Heap after GC invocations=22 (full 4):
 PSYoungGen      total 223744K, used 62994K [0x00000000eb900000, 0x0000000100000000, 0x0000000100000000)
  eden space 117760K, 0% used [0x00000000eb900000,0x00000000eb900000,0x00000000f2c00000)
  from space 105984K, 59% used [0x00000000f9880000,0x00000000fd604808,0x0000000100000000)
  to   space 108544K, 0% used [0x00000000f2c00000,0x00000000f2c00000,0x00000000f9600000)
 ParOldGen       total 335360K, used 245432K [0x00000000c2a00000, 0x00000000d7180000, 0x00000000eb900000)
  object space 335360K, 73% used [0x00000000c2a00000,0x00000000d19ae040,0x00000000d7180000)
 Metaspace       used 47764K, capacity 49508K, committed 49792K, reserved 1093632K
  class space    used 6161K, capacity 6506K, committed 6528K, reserved 1048576K
}
Event: 24.309 GC heap before
{Heap before GC invocations=23 (full 4):
 PSYoungGen      total 223744K, used 180754K [0x00000000eb900000, 0x0000000100000000, 0x0000000100000000)
  eden space 117760K, 100% used [0x00000000eb900000,0x00000000f2c00000,0x00000000f2c00000)
  from space 105984K, 59% used [0x00000000f9880000,0x00000000fd604808,0x0000000100000000)
  to   space 108544K, 0% used [0x00000000f2c00000,0x00000000f2c00000,0x00000000f9600000)
 ParOldGen       total 335360K, used 245432K [0x00000000c2a00000, 0x00000000d7180000, 0x00000000eb900000)
  object space 335360K, 73% used [0x00000000c2a00000,0x00000000d19ae040,0x00000000d7180000)
 Metaspace       used 47764K, capacity 49508K, committed 49792K, reserved 1093632K
  class space    used 6161K, capacity 6506K, committed 6528K, reserved 1048576K
Event: 24.393 GC heap after
Heap after GC invocations=23 (full 4):
 PSYoungGen      total 226304K, used 64K [0x00000000eb900000, 0x0000000100000000, 0x0000000100000000)
  eden space 117760K, 0% used [0x00000000eb900000,0x00000000eb900000,0x00000000f2c00000)
  from space 108544K, 0% used [0x00000000f2c00000,0x00000000f2c10000,0x00000000f9600000)
  to   space 108544K, 0% used [0x00000000f9600000,0x00000000f9600000,0x0000000100000000)
 ParOldGen       total 335360K, used 308546K [0x00000000c2a00000, 0x00000000d7180000, 0x00000000eb900000)
  object space 335360K, 92% used [0x00000000c2a00000,0x00000000d5750848,0x00000000d7180000)
 Metaspace       used 47764K, capacity 49508K, committed 49792K, reserved 1093632K
  class space    used 6161K, capacity 6506K, committed 6528K, reserved 1048576K
}
Event: 24.393 GC heap before
{Heap before GC invocations=24 (full 5):
 PSYoungGen      total 226304K, used 64K [0x00000000eb900000, 0x0000000100000000, 0x0000000100000000)
  eden space 117760K, 0% used [0x00000000eb900000,0x00000000eb900000,0x00000000f2c00000)
  from space 108544K, 0% used [0x00000000f2c00000,0x00000000f2c10000,0x00000000f9600000)
  to   space 108544K, 0% used [0x00000000f9600000,0x00000000f9600000,0x0000000100000000)
 ParOldGen       total 335360K, used 308546K [0x00000000c2a00000, 0x00000000d7180000, 0x00000000eb900000)
  object space 335360K, 92% used [0x00000000c2a00000,0x00000000d5750848,0x00000000d7180000)
 Metaspace       used 47764K, capacity 49508K, committed 49792K, reserved 1093632K
  class space    used 6161K, capacity 6506K, committed 6528K, reserved 1048576K

