# JRE version: OpenJDK Runtime Environment (8.0_181-b13) (build 1.8.0_181-8u181-b13-1ubuntu0.18.04.1-b13)
# Java VM: OpenJDK 64-Bit Server VM (25.181-b13 mixed mode linux-amd64 compressed oops)
Heap:
 PSYoungGen      total 136192K, used 13284K [0x00000000eb900000, 0x00000000f4e00000, 0x0000000100000000)
  eden space 122880K, 0% used [0x00000000eb900000,0x00000000eb900000,0x00000000f3100000)
  from space 13312K, 99% used [0x00000000f3100000,0x00000000f3df9328,0x00000000f3e00000)
  to   space 10240K, 0% used [0x00000000f3e00000,0x00000000f3e00000,0x00000000f4800000)
 ParOldGen       total 42496K, used 28776K [0x00000000c2a00000, 0x00000000c5380000, 0x00000000eb900000)
  object space 42496K, 67% used [0x00000000c2a00000,0x00000000c461a3f0,0x00000000c5380000)
 Metaspace       used 14345K, capacity 14558K, committed 14720K, reserved 1062912K
  class space    used 1790K, capacity 1893K, committed 1920K, reserved 1048576K
GC Heap History (10 events):
Event: 12.398 GC heap after
Heap after GC invocations=4 (full 0):
 PSYoungGen      total 34304K, used 2538K [0x00000000eb900000, 0x00000000edd00000, 0x0000000100000000)
  eden space 31744K, 0% used [0x00000000eb900000,0x00000000eb900000,0x00000000ed800000)
  from space 2560K, 99% used [0x00000000eda80000,0x00000000edcfa960,0x00000000edd00000)
  to   space 2560K, 0% used [0x00000000ed800000,0x00000000ed800000,0x00000000eda80000)
 ParOldGen       total 42496K, used 6168K [0x00000000c2a00000, 0x00000000c5380000, 0x00000000eb900000)
  object space 42496K, 14% used [0x00000000c2a00000,0x00000000c3006030,0x00000000c5380000)
 Metaspace       used 14303K, capacity 14558K, committed 14720K, reserved 1062912K
  class space    used 1789K, capacity 1893K, committed 1920K, reserved 1048576K
}
Event: 12.796 GC heap before
{Heap before GC invocations=5 (full 0):
 PSYoungGen      total 34304K, used 34282K [0x00000000eb900000, 0x00000000edd00000, 0x0000000100000000)
  eden space 31744K, 100% used [0x00000000eb900000,0x00000000ed800000,0x00000000ed800000)
  from space 2560K, 99% used [0x00000000eda80000,0x00000000edcfa960,0x00000000edd00000)
  to   space 2560K, 0% used [0x00000000ed800000,0x00000000ed800000,0x00000000eda80000)
 ParOldGen       total 42496K, used 6168K [0x00000000c2a00000, 0x00000000c5380000, 0x00000000eb900000)
  object space 42496K, 14% used [0x00000000c2a00000,0x00000000c3006030,0x00000000c5380000)
 Metaspace       used 14335K, capacity 14558K, committed 14720K, reserved 1062912K
  class space    used 1789K, capacity 1893K, committed 1920K, reserved 1048576K
Event: 12.917 GC heap after
Heap after GC invocations=5 (full 0):
 PSYoungGen      total 34304K, used 2550K [0x00000000eb900000, 0x00000000f0400000, 0x0000000100000000)
  eden space 31744K, 0% used [0x00000000eb900000,0x00000000eb900000,0x00000000ed800000)
  from space 2560K, 99% used [0x00000000ed800000,0x00000000eda7db20,0x00000000eda80000)
  to   space 6656K, 0% used [0x00000000efd80000,0x00000000efd80000,0x00000000f0400000)
 ParOldGen       total 42496K, used 9079K [0x00000000c2a00000, 0x00000000c5380000, 0x00000000eb900000)
  object space 42496K, 21% used [0x00000000c2a00000,0x00000000c32ddca8,0x00000000c5380000)
 Metaspace       used 14335K, capacity 14558K, committed 14720K, reserved 1062912K
  class space    used 1789K, capacity 1893K, committed 1920K, reserved 1048576K
}
Event: 13.161 GC heap before
{Heap before GC invocations=6 (full 0):
 PSYoungGen      total 34304K, used 34294K [0x00000000eb900000, 0x00000000f0400000, 0x0000000100000000)
  eden space 31744K, 100% used [0x00000000eb900000,0x00000000ed800000,0x00000000ed800000)
  from space 2560K, 99% used [0x00000000ed800000,0x00000000eda7db20,0x00000000eda80000)
  to   space 6656K, 0% used [0x00000000efd80000,0x00000000efd80000,0x00000000f0400000)
 ParOldGen       total 42496K, used 9079K [0x00000000c2a00000, 0x00000000c5380000, 0x00000000eb900000)
  object space 42496K, 21% used [0x00000000c2a00000,0x00000000c32ddca8,0x00000000c5380000)
 Metaspace       used 14338K, capacity 14558K, committed 14720K, reserved 1062912K
  class space    used 1789K, capacity 1893K, committed 1920K, reserved 1048576K
Event: 13.191 GC heap after
Heap after GC invocations=6 (full 0):
 PSYoungGen      total 69632K, used 5684K [0x00000000eb900000, 0x00000000f0500000, 0x0000000100000000)
  eden space 62976K, 0% used [0x00000000eb900000,0x00000000eb900000,0x00000000ef680000)
  from space 6656K, 85% used [0x00000000efd80000,0x00000000f030d1f8,0x00000000f0400000)
  to   space 7168K, 0% used [0x00000000ef680000,0x00000000ef680000,0x00000000efd80000)
 ParOldGen       total 42496K, used 9079K [0x00000000c2a00000, 0x00000000c5380000, 0x00000000eb900000)
  object space 42496K, 21% used [0x00000000c2a00000,0x00000000c32ddca8,0x00000000c5380000)
 Metaspace       used 14338K, capacity 14558K, committed 14720K, reserved 1062912K
  class space    used 1789K, capacity 1893K, committed 1920K, reserved 1048576K
}
Event: 13.684 GC heap before
{Heap before GC invocations=7 (full 0):
 PSYoungGen      total 69632K, used 68660K [0x00000000eb900000, 0x00000000f0500000, 0x0000000100000000)
  eden space 62976K, 100% used [0x00000000eb900000,0x00000000ef680000,0x00000000ef680000)
  from space 6656K, 85% used [0x00000000efd80000,0x00000000f030d1f8,0x00000000f0400000)
  to   space 7168K, 0% used [0x00000000ef680000,0x00000000ef680000,0x00000000efd80000)
 ParOldGen       total 42496K, used 9079K [0x00000000c2a00000, 0x00000000c5380000, 0x00000000eb900000)
  object space 42496K, 21% used [0x00000000c2a00000,0x00000000c32ddca8,0x00000000c5380000)
 Metaspace       used 14344K, capacity 14558K, committed 14720K, reserved 1062912K
  class space    used 1790K, capacity 1893K, committed 1920K, reserved 1048576K
Event: 13.697 GC heap after
Heap after GC invocations=7 (full 0):
 PSYoungGen      total 70144K, used 7166K [0x00000000eb900000, 0x00000000f4800000, 0x0000000100000000)
  eden space 62976K, 0% used [0x00000000eb900000,0x00000000eb900000,0x00000000ef680000)
  from space 7168K, 99% used [0x00000000ef680000,0x00000000efd7fbd0,0x00000000efd80000)
  to   space 10240K, 0% used [0x00000000f3e00000,0x00000000f3e00000,0x00000000f4800000)
 ParOldGen       total 42496K, used 13416K [0x00000000c2a00000, 0x00000000c5380000, 0x00000000eb900000)
  object space 42496K, 31% used [0x00000000c2a00000,0x00000000c371a2b0,0x00000000c5380000)
 Metaspace       used 14344K, capacity 14558K, committed 14720K, reserved 1062912K
  class space    used 1790K, capacity 1893K, committed 1920K, reserved 1048576K
}
Event: 15.359 GC heap before
{Heap before GC invocations=8 (full 0):
 PSYoungGen      total 70144K, used 70142K [0x00000000eb900000, 0x00000000f4800000, 0x0000000100000000)
  eden space 62976K, 100% used [0x00000000eb900000,0x00000000ef680000,0x00000000ef680000)
  from space 7168K, 99% used [0x00000000ef680000,0x00000000efd7fbd0,0x00000000efd80000)
  to   space 10240K, 0% used [0x00000000f3e00000,0x00000000f3e00000,0x00000000f4800000)
 ParOldGen       total 42496K, used 13416K [0x00000000c2a00000, 0x00000000c5380000, 0x00000000eb900000)
  object space 42496K, 31% used [0x00000000c2a00000,0x00000000c371a2b0,0x00000000c5380000)
 Metaspace       used 14344K, capacity 14558K, committed 14720K, reserved 1062912K
  class space    used 1790K, capacity 1893K, committed 1920K, reserved 1048576K
Event: 15.386 GC heap after
Heap after GC invocations=8 (full 0):
 PSYoungGen      total 133120K, used 10213K [0x00000000eb900000, 0x00000000f4e00000, 0x0000000100000000)
  eden space 122880K, 0% used [0x00000000eb900000,0x00000000eb900000,0x00000000f3100000)
  from space 10240K, 99% used [0x00000000f3e00000,0x00000000f47f9708,0x00000000f4800000)
  to   space 13312K, 0% used [0x00000000f3100000,0x00000000f3100000,0x00000000f3e00000)
 ParOldGen       total 42496K, used 17354K [0x00000000c2a00000, 0x00000000c5380000, 0x00000000eb900000)
  object space 42496K, 40% used [0x00000000c2a00000,0x00000000c3af2a48,0x00000000c5380000)
 Metaspace       used 14344K, capacity 14558K, committed 14720K, reserved 1062912K
  class space    used 1790K, capacity 1893K, committed 1920K, reserved 1048576K
}
Event: 16.121 GC heap before
{Heap before GC invocations=9 (full 0):
 PSYoungGen      total 133120K, used 133093K [0x00000000eb900000, 0x00000000f4e00000, 0x0000000100000000)
  eden space 122880K, 100% used [0x00000000eb900000,0x00000000f3100000,0x00000000f3100000)
  from space 10240K, 99% used [0x00000000f3e00000,0x00000000f47f9708,0x00000000f4800000)
  to   space 13312K, 0% used [0x00000000f3100000,0x00000000f3100000,0x00000000f3e00000)
 ParOldGen       total 42496K, used 17354K [0x00000000c2a00000, 0x00000000c5380000, 0x00000000eb900000)
  object space 42496K, 40% used [0x00000000c2a00000,0x00000000c3af2a48,0x00000000c5380000)
 Metaspace       used 14345K, capacity 14558K, committed 14720K, reserved 1062912K
  class space    used 1790K, capacity 1893K, committed 1920K, reserved 1048576K

