# JRE version: OpenJDK Runtime Environment (8.0_191-b12) (build 1.8.0_191-8u191-b12-0ubuntu0.16.04.1-b12)
# Java VM: OpenJDK 64-Bit Server VM (25.191-b12 mixed mode linux-amd64 compressed oops)
Heap:
 PSYoungGen      total 911872K, used 15841K [0x000000076ab00000, 0x00000007c0000000, 0x00000007c0000000)
  eden space 460288K, 0% used [0x000000076ab00000,0x000000076ab00000,0x0000000786c80000)
  from space 451584K, 3% used [0x0000000786c80000,0x0000000787bf8708,0x00000007a2580000)
  to   space 465920K, 0% used [0x00000007a3900000,0x00000007a3900000,0x00000007c0000000)
 ParOldGen       total 1747968K, used 1747472K [0x00000006c0000000, 0x000000072ab00000, 0x000000076ab00000)
  object space 1747968K, 99% used [0x00000006c0000000,0x000000072aa840f8,0x000000072ab00000)
 Metaspace       used 48297K, capacity 50130K, committed 50432K, reserved 1093632K
  class space    used 6207K, capacity 6577K, committed 6656K, reserved 1048576K
GC Heap History (10 events):
Event: 194,578 GC heap after
Heap after GC invocations=108 (full 11):
 PSYoungGen      total 665600K, used 0K [0x000000076ab00000, 0x0000000797b00000, 0x00000007c0000000)
  eden space 610304K, 0% used [0x000000076ab00000,0x000000076ab00000,0x000000078ff00000)
  from space 55296K, 0% used [0x0000000794500000,0x0000000794500000,0x0000000797b00000)
  to   space 63488K, 0% used [0x000000078ff00000,0x000000078ff00000,0x0000000793d00000)
 ParOldGen       total 936448K, used 159615K [0x00000006c0000000, 0x00000006f9280000, 0x000000076ab00000)
  object space 936448K, 17% used [0x00000006c0000000,0x00000006c9bdfca0,0x00000006f9280000)
 Metaspace       used 48297K, capacity 50130K, committed 50432K, reserved 1093632K
  class space    used 6207K, capacity 6577K, committed 6656K, reserved 1048576K
}
Event: 195,359 GC heap before
{Heap before GC invocations=109 (full 11):
 PSYoungGen      total 665600K, used 610304K [0x000000076ab00000, 0x0000000797b00000, 0x00000007c0000000)
  eden space 610304K, 100% used [0x000000076ab00000,0x000000078ff00000,0x000000078ff00000)
  from space 55296K, 0% used [0x0000000794500000,0x0000000794500000,0x0000000797b00000)
  to   space 63488K, 0% used [0x000000078ff00000,0x000000078ff00000,0x0000000793d00000)
 ParOldGen       total 936448K, used 159615K [0x00000006c0000000, 0x00000006f9280000, 0x000000076ab00000)
  object space 936448K, 17% used [0x00000006c0000000,0x00000006c9bdfca0,0x00000006f9280000)
 Metaspace       used 48297K, capacity 50130K, committed 50432K, reserved 1093632K
  class space    used 6207K, capacity 6577K, committed 6656K, reserved 1048576K
Event: 195,768 GC heap after
Heap after GC invocations=109 (full 11):
 PSYoungGen      total 673792K, used 63480K [0x000000076ab00000, 0x00000007b2e00000, 0x00000007c0000000)
  eden space 610304K, 0% used [0x000000076ab00000,0x000000076ab00000,0x000000078ff00000)
  from space 63488K, 99% used [0x000000078ff00000,0x0000000793cfe200,0x0000000793d00000)
  to   space 270848K, 0% used [0x00000007a2580000,0x00000007a2580000,0x00000007b2e00000)
 ParOldGen       total 936448K, used 680919K [0x00000006c0000000, 0x00000006f9280000, 0x000000076ab00000)
  object space 936448K, 72% used [0x00000006c0000000,0x00000006e98f5ca0,0x00000006f9280000)
 Metaspace       used 48297K, capacity 50130K, committed 50432K, reserved 1093632K
  class space    used 6207K, capacity 6577K, committed 6656K, reserved 1048576K
}
Event: 195,768 GC heap before
{Heap before GC invocations=110 (full 12):
 PSYoungGen      total 673792K, used 63480K [0x000000076ab00000, 0x00000007b2e00000, 0x00000007c0000000)
  eden space 610304K, 0% used [0x000000076ab00000,0x000000076ab00000,0x000000078ff00000)
  from space 63488K, 99% used [0x000000078ff00000,0x0000000793cfe200,0x0000000793d00000)
  to   space 270848K, 0% used [0x00000007a2580000,0x00000007a2580000,0x00000007b2e00000)
 ParOldGen       total 936448K, used 680919K [0x00000006c0000000, 0x00000006f9280000, 0x000000076ab00000)
  object space 936448K, 72% used [0x00000006c0000000,0x00000006e98f5ca0,0x00000006f9280000)
 Metaspace       used 48297K, capacity 50130K, committed 50432K, reserved 1093632K
  class space    used 6207K, capacity 6577K, committed 6656K, reserved 1048576K
Event: 198,484 GC heap after
Heap after GC invocations=110 (full 12):
 PSYoungGen      total 673792K, used 0K [0x000000076ab00000, 0x00000007b2e00000, 0x00000007c0000000)
  eden space 610304K, 0% used [0x000000076ab00000,0x000000076ab00000,0x000000078ff00000)
  from space 63488K, 0% used [0x000000078ff00000,0x000000078ff00000,0x0000000793d00000)
  to   space 270848K, 0% used [0x00000007a2580000,0x00000007a2580000,0x00000007b2e00000)
 ParOldGen       total 1747968K, used 736754K [0x00000006c0000000, 0x000000072ab00000, 0x000000076ab00000)
  object space 1747968K, 42% used [0x00000006c0000000,0x00000006ecf7ca00,0x000000072ab00000)
 Metaspace       used 48297K, capacity 50130K, committed 50432K, reserved 1093632K
  class space    used 6207K, capacity 6577K, committed 6656K, reserved 1048576K
}
Event: 199,253 GC heap before
{Heap before GC invocations=111 (full 12):
 PSYoungGen      total 673792K, used 610304K [0x000000076ab00000, 0x00000007b2e00000, 0x00000007c0000000)
  eden space 610304K, 100% used [0x000000076ab00000,0x000000078ff00000,0x000000078ff00000)
  from space 63488K, 0% used [0x000000078ff00000,0x000000078ff00000,0x0000000793d00000)
  to   space 270848K, 0% used [0x00000007a2580000,0x00000007a2580000,0x00000007b2e00000)
 ParOldGen       total 1747968K, used 736754K [0x00000006c0000000, 0x000000072ab00000, 0x000000076ab00000)
  object space 1747968K, 42% used [0x00000006c0000000,0x00000006ecf7ca00,0x000000072ab00000)
 Metaspace       used 48297K, capacity 50130K, committed 50432K, reserved 1093632K
  class space    used 6207K, capacity 6577K, committed 6656K, reserved 1048576K
Event: 199,734 GC heap after
Heap after GC invocations=111 (full 12):
 PSYoungGen      total 731136K, used 270820K [0x000000076ab00000, 0x00000007c0000000, 0x00000007c0000000)
  eden space 460288K, 0% used [0x000000076ab00000,0x000000076ab00000,0x0000000786c80000)
  from space 270848K, 99% used [0x00000007a2580000,0x00000007b2df92f0,0x00000007b2e00000)
  to   space 451584K, 0% used [0x0000000786c80000,0x0000000786c80000,0x00000007a2580000)
 ParOldGen       total 1747968K, used 1075882K [0x00000006c0000000, 0x000000072ab00000, 0x000000076ab00000)
  object space 1747968K, 61% used [0x00000006c0000000,0x0000000701aaaa00,0x000000072ab00000)
 Metaspace       used 48297K, capacity 50130K, committed 50432K, reserved 1093632K
  class space    used 6207K, capacity 6577K, committed 6656K, reserved 1048576K
}
Event: 200,293 GC heap before
{Heap before GC invocations=112 (full 12):
 PSYoungGen      total 731136K, used 731108K [0x000000076ab00000, 0x00000007c0000000, 0x00000007c0000000)
  eden space 460288K, 100% used [0x000000076ab00000,0x0000000786c80000,0x0000000786c80000)
  from space 270848K, 99% used [0x00000007a2580000,0x00000007b2df92f0,0x00000007b2e00000)
  to   space 451584K, 0% used [0x0000000786c80000,0x0000000786c80000,0x00000007a2580000)
 ParOldGen       total 1747968K, used 1075882K [0x00000006c0000000, 0x000000072ab00000, 0x000000076ab00000)
  object space 1747968K, 61% used [0x00000006c0000000,0x0000000701aaaa00,0x000000072ab00000)
 Metaspace       used 48297K, capacity 50130K, committed 50432K, reserved 1093632K
  class space    used 6207K, capacity 6577K, committed 6656K, reserved 1048576K
Event: 200,787 GC heap after
Heap after GC invocations=112 (full 12):
 PSYoungGen      total 911872K, used 451575K [0x000000076ab00000, 0x00000007c0000000, 0x00000007c0000000)
  eden space 460288K, 0% used [0x000000076ab00000,0x000000076ab00000,0x0000000786c80000)
  from space 451584K, 99% used [0x0000000786c80000,0x00000007a257dc60,0x00000007a2580000)
  to   space 465920K, 0% used [0x00000007a3900000,0x00000007a3900000,0x00000007c0000000)
 ParOldGen       total 1747968K, used 1331098K [0x00000006c0000000, 0x000000072ab00000, 0x000000076ab00000)
  object space 1747968K, 76% used [0x00000006c0000000,0x00000007113e6a00,0x000000072ab00000)
 Metaspace       used 48297K, capacity 50130K, committed 50432K, reserved 1093632K
  class space    used 6207K, capacity 6577K, committed 6656K, reserved 1048576K
}
Event: 200,787 GC heap before
{Heap before GC invocations=113 (full 13):
 PSYoungGen      total 911872K, used 451575K [0x000000076ab00000, 0x00000007c0000000, 0x00000007c0000000)
  eden space 460288K, 0% used [0x000000076ab00000,0x000000076ab00000,0x0000000786c80000)
  from space 451584K, 99% used [0x0000000786c80000,0x00000007a257dc60,0x00000007a2580000)
  to   space 465920K, 0% used [0x00000007a3900000,0x00000007a3900000,0x00000007c0000000)
 ParOldGen       total 1747968K, used 1331098K [0x00000006c0000000, 0x000000072ab00000, 0x000000076ab00000)
  object space 1747968K, 76% used [0x00000006c0000000,0x00000007113e6a00,0x000000072ab00000)
 Metaspace       used 48297K, capacity 50130K, committed 50432K, reserved 1093632K
  class space    used 6207K, capacity 6577K, committed 6656K, reserved 1048576K

