# JRE version: OpenJDK Runtime Environment (8.0_191-b12) (build 1.8.0_191-8u191-b12-0ubuntu0.18.04.1-b12)
# Java VM: OpenJDK 64-Bit Server VM (25.191-b12 mixed mode linux-amd64 compressed oops)
Heap:
 PSYoungGen      total 267264K, used 67490K [0x00000000eb900000, 0x0000000100000000, 0x0000000100000000)
  eden space 199680K, 0% used [0x00000000eb900000,0x00000000eb900000,0x00000000f7c00000)
  from space 67584K, 99% used [0x00000000f7c00000,0x00000000fbde88b0,0x00000000fbe00000)
  to   space 67584K, 0% used [0x00000000fbe00000,0x00000000fbe00000,0x0000000100000000)
 ParOldGen       total 288768K, used 285302K [0x00000000c2a00000, 0x00000000d4400000, 0x00000000eb900000)
  object space 288768K, 98% used [0x00000000c2a00000,0x00000000d409dbb0,0x00000000d4400000)
 Metaspace       used 47877K, capacity 49664K, committed 50176K, reserved 1093632K
  class space    used 6184K, capacity 6538K, committed 6656K, reserved 1048576K
GC Heap History (10 events):
Event: 21.209 GC heap after
Heap after GC invocations=15 (full 2):
 PSYoungGen      total 239616K, used 20476K [0x00000000eb900000, 0x0000000100000000, 0x0000000100000000)
  eden space 219136K, 0% used [0x00000000eb900000,0x00000000eb900000,0x00000000f8f00000)
  from space 20480K, 99% used [0x00000000f8f00000,0x00000000fa2ff3a8,0x00000000fa300000)
  to   space 30720K, 0% used [0x00000000fe200000,0x00000000fe200000,0x0000000100000000)
 ParOldGen       total 51200K, used 50379K [0x00000000c2a00000, 0x00000000c5c00000, 0x00000000eb900000)
  object space 51200K, 98% used [0x00000000c2a00000,0x00000000c5b32f28,0x00000000c5c00000)
 Metaspace       used 45545K, capacity 47296K, committed 47488K, reserved 1091584K
  class space    used 5913K, capacity 6241K, committed 6272K, reserved 1048576K
}
Event: 21.209 GC heap before
{Heap before GC invocations=16 (full 3):
 PSYoungGen      total 239616K, used 20476K [0x00000000eb900000, 0x0000000100000000, 0x0000000100000000)
  eden space 219136K, 0% used [0x00000000eb900000,0x00000000eb900000,0x00000000f8f00000)
  from space 20480K, 99% used [0x00000000f8f00000,0x00000000fa2ff3a8,0x00000000fa300000)
  to   space 30720K, 0% used [0x00000000fe200000,0x00000000fe200000,0x0000000100000000)
 ParOldGen       total 51200K, used 50379K [0x00000000c2a00000, 0x00000000c5c00000, 0x00000000eb900000)
  object space 51200K, 98% used [0x00000000c2a00000,0x00000000c5b32f28,0x00000000c5c00000)
 Metaspace       used 45545K, capacity 47296K, committed 47488K, reserved 1091584K
  class space    used 5913K, capacity 6241K, committed 6272K, reserved 1048576K
Event: 21.568 GC heap after
Heap after GC invocations=16 (full 3):
 PSYoungGen      total 239616K, used 11725K [0x00000000eb900000, 0x0000000100000000, 0x0000000100000000)
  eden space 219136K, 0% used [0x00000000eb900000,0x00000000eb900000,0x00000000f8f00000)
  from space 20480K, 57% used [0x00000000f8f00000,0x00000000f9a73690,0x00000000fa300000)
  to   space 30720K, 0% used [0x00000000fe200000,0x00000000fe200000,0x0000000100000000)
 ParOldGen       total 94208K, used 50994K [0x00000000c2a00000, 0x00000000c8600000, 0x00000000eb900000)
  object space 94208K, 54% used [0x00000000c2a00000,0x00000000c5bcc9b8,0x00000000c8600000)
 Metaspace       used 45545K, capacity 47296K, committed 47488K, reserved 1091584K
  class space    used 5913K, capacity 6241K, committed 6272K, reserved 1048576K
}
Event: 23.079 GC heap before
{Heap before GC invocations=17 (full 3):
 PSYoungGen      total 239616K, used 230861K [0x00000000eb900000, 0x0000000100000000, 0x0000000100000000)
  eden space 219136K, 100% used [0x00000000eb900000,0x00000000f8f00000,0x00000000f8f00000)
  from space 20480K, 57% used [0x00000000f8f00000,0x00000000f9a73690,0x00000000fa300000)
  to   space 30720K, 0% used [0x00000000fe200000,0x00000000fe200000,0x0000000100000000)
 ParOldGen       total 94208K, used 50994K [0x00000000c2a00000, 0x00000000c8600000, 0x00000000eb900000)
  object space 94208K, 54% used [0x00000000c2a00000,0x00000000c5bcc9b8,0x00000000c8600000)
 Metaspace       used 47877K, capacity 49664K, committed 50176K, reserved 1093632K
  class space    used 6184K, capacity 6538K, committed 6656K, reserved 1048576K
Event: 23.223 GC heap after
Heap after GC invocations=17 (full 3):
 PSYoungGen      total 230400K, used 30717K [0x00000000eb900000, 0x0000000100000000, 0x0000000100000000)
  eden space 199680K, 0% used [0x00000000eb900000,0x00000000eb900000,0x00000000f7c00000)
  from space 30720K, 99% used [0x00000000fe200000,0x00000000fffff4d8,0x0000000100000000)
  to   space 67584K, 0% used [0x00000000f7c00000,0x00000000f7c00000,0x00000000fbe00000)
 ParOldGen       total 136704K, used 136309K [0x00000000c2a00000, 0x00000000caf80000, 0x00000000eb900000)
  object space 136704K, 99% used [0x00000000c2a00000,0x00000000caf1d788,0x00000000caf80000)
 Metaspace       used 47877K, capacity 49664K, committed 50176K, reserved 1093632K
  class space    used 6184K, capacity 6538K, committed 6656K, reserved 1048576K
}
Event: 23.223 GC heap before
{Heap before GC invocations=18 (full 4):
 PSYoungGen      total 230400K, used 30717K [0x00000000eb900000, 0x0000000100000000, 0x0000000100000000)
  eden space 199680K, 0% used [0x00000000eb900000,0x00000000eb900000,0x00000000f7c00000)
  from space 30720K, 99% used [0x00000000fe200000,0x00000000fffff4d8,0x0000000100000000)
  to   space 67584K, 0% used [0x00000000f7c00000,0x00000000f7c00000,0x00000000fbe00000)
 ParOldGen       total 136704K, used 136309K [0x00000000c2a00000, 0x00000000caf80000, 0x00000000eb900000)
  object space 136704K, 99% used [0x00000000c2a00000,0x00000000caf1d788,0x00000000caf80000)
 Metaspace       used 47877K, capacity 49664K, committed 50176K, reserved 1093632K
  class space    used 6184K, capacity 6538K, committed 6656K, reserved 1048576K
Event: 24.798 GC heap after
Heap after GC invocations=18 (full 4):
 PSYoungGen      total 230400K, used 29640K [0x00000000eb900000, 0x0000000100000000, 0x0000000100000000)
  eden space 199680K, 0% used [0x00000000eb900000,0x00000000eb900000,0x00000000f7c00000)
  from space 30720K, 96% used [0x00000000fe200000,0x00000000ffef2270,0x0000000100000000)
  to   space 67584K, 0% used [0x00000000f7c00000,0x00000000f7c00000,0x00000000fbe00000)
 ParOldGen       total 222208K, used 136476K [0x00000000c2a00000, 0x00000000d0300000, 0x00000000eb900000)
  object space 222208K, 61% used [0x00000000c2a00000,0x00000000caf47238,0x00000000d0300000)
 Metaspace       used 47877K, capacity 49664K, committed 50176K, reserved 1093632K
  class space    used 6184K, capacity 6538K, committed 6656K, reserved 1048576K
}
Event: 25.318 GC heap before
{Heap before GC invocations=19 (full 4):
 PSYoungGen      total 230400K, used 229320K [0x00000000eb900000, 0x0000000100000000, 0x0000000100000000)
  eden space 199680K, 100% used [0x00000000eb900000,0x00000000f7c00000,0x00000000f7c00000)
  from space 30720K, 96% used [0x00000000fe200000,0x00000000ffef2270,0x0000000100000000)
  to   space 67584K, 0% used [0x00000000f7c00000,0x00000000f7c00000,0x00000000fbe00000)
 ParOldGen       total 222208K, used 136476K [0x00000000c2a00000, 0x00000000d0300000, 0x00000000eb900000)
  object space 222208K, 61% used [0x00000000c2a00000,0x00000000caf47238,0x00000000d0300000)
 Metaspace       used 47877K, capacity 49664K, committed 50176K, reserved 1093632K
  class space    used 6184K, capacity 6538K, committed 6656K, reserved 1048576K
Event: 25.756 GC heap after
Heap after GC invocations=19 (full 4):
 PSYoungGen      total 267264K, used 67570K [0x00000000eb900000, 0x0000000100000000, 0x0000000100000000)
  eden space 199680K, 0% used [0x00000000eb900000,0x00000000eb900000,0x00000000f7c00000)
  from space 67584K, 99% used [0x00000000f7c00000,0x00000000fbdfc808,0x00000000fbe00000)
  to   space 67584K, 0% used [0x00000000fbe00000,0x00000000fbe00000,0x0000000100000000)
 ParOldGen       total 288768K, used 287570K [0x00000000c2a00000, 0x00000000d4400000, 0x00000000eb900000)
  object space 288768K, 99% used [0x00000000c2a00000,0x00000000d42d4900,0x00000000d4400000)
 Metaspace       used 47877K, capacity 49664K, committed 50176K, reserved 1093632K
  class space    used 6184K, capacity 6538K, committed 6656K, reserved 1048576K
}
Event: 25.779 GC heap before
{Heap before GC invocations=20 (full 5):
 PSYoungGen      total 267264K, used 67570K [0x00000000eb900000, 0x0000000100000000, 0x0000000100000000)
  eden space 199680K, 0% used [0x00000000eb900000,0x00000000eb900000,0x00000000f7c00000)
  from space 67584K, 99% used [0x00000000f7c00000,0x00000000fbdfc808,0x00000000fbe00000)
  to   space 67584K, 0% used [0x00000000fbe00000,0x00000000fbe00000,0x0000000100000000)
 ParOldGen       total 288768K, used 287570K [0x00000000c2a00000, 0x00000000d4400000, 0x00000000eb900000)
  object space 288768K, 99% used [0x00000000c2a00000,0x00000000d42d4900,0x00000000d4400000)
 Metaspace       used 47877K, capacity 49664K, committed 50176K, reserved 1093632K
  class space    used 6184K, capacity 6538K, committed 6656K, reserved 1048576K

