# JRE version: OpenJDK Runtime Environment (8.0_191-b12) (build 1.8.0_191-8u191-b12-0ubuntu0.18.04.1-b12)
# Java VM: OpenJDK 64-Bit Server VM (25.191-b12 mixed mode linux-amd64 compressed oops)
Heap:
 PSYoungGen      total 239616K, used 158630K [0x00000000eb900000, 0x00000000fea80000, 0x0000000100000000)
  eden space 223232K, 71% used [0x00000000eb900000,0x00000000f53e99b0,0x00000000f9300000)
  from space 16384K, 0% used [0x00000000f9300000,0x00000000f9300000,0x00000000fa300000)
  to   space 26112K, 0% used [0x00000000fd100000,0x00000000fd100000,0x00000000fea80000)
 ParOldGen       total 206848K, used 206440K [0x00000000c2a00000, 0x00000000cf400000, 0x00000000eb900000)
  object space 206848K, 99% used [0x00000000c2a00000,0x00000000cf39a280,0x00000000cf400000)
 Metaspace       used 50180K, capacity 52806K, committed 53120K, reserved 1095680K
  class space    used 6294K, capacity 6744K, committed 6784K, reserved 1048576K
GC Heap History (10 events):
Event: 1332.330 GC heap after
Heap after GC invocations=42 (full 14):
 PSYoungGen      total 235008K, used 11772K [0x00000000eb900000, 0x00000000fda00000, 0x0000000100000000)
  eden space 223232K, 0% used [0x00000000eb900000,0x00000000eb900000,0x00000000f9300000)
  from space 11776K, 99% used [0x00000000fa300000,0x00000000fae7f198,0x00000000fae80000)
  to   space 16384K, 0% used [0x00000000f9300000,0x00000000f9300000,0x00000000fa300000)
 ParOldGen       total 60416K, used 34763K [0x00000000c2a00000, 0x00000000c6500000, 0x00000000eb900000)
  object space 60416K, 57% used [0x00000000c2a00000,0x00000000c4bf2c80,0x00000000c6500000)
 Metaspace       used 49963K, capacity 52642K, committed 52864K, reserved 1095680K
  class space    used 6267K, capacity 6710K, committed 6784K, reserved 1048576K
}
Event: 1333.325 GC heap before
{Heap before GC invocations=43 (full 14):
 PSYoungGen      total 235008K, used 235004K [0x00000000eb900000, 0x00000000fda00000, 0x0000000100000000)
  eden space 223232K, 100% used [0x00000000eb900000,0x00000000f9300000,0x00000000f9300000)
  from space 11776K, 99% used [0x00000000fa300000,0x00000000fae7f198,0x00000000fae80000)
  to   space 16384K, 0% used [0x00000000f9300000,0x00000000f9300000,0x00000000fa300000)
 ParOldGen       total 60416K, used 34763K [0x00000000c2a00000, 0x00000000c6500000, 0x00000000eb900000)
  object space 60416K, 57% used [0x00000000c2a00000,0x00000000c4bf2c80,0x00000000c6500000)
 Metaspace       used 49964K, capacity 52642K, committed 52864K, reserved 1095680K
  class space    used 6268K, capacity 6710K, committed 6784K, reserved 1048576K
Event: 1333.376 GC heap after
Heap after GC invocations=43 (full 14):
 PSYoungGen      total 239616K, used 16361K [0x00000000eb900000, 0x00000000fea80000, 0x0000000100000000)
  eden space 223232K, 0% used [0x00000000eb900000,0x00000000eb900000,0x00000000f9300000)
  from space 16384K, 99% used [0x00000000f9300000,0x00000000fa2fa7c0,0x00000000fa300000)
  to   space 26112K, 0% used [0x00000000fd100000,0x00000000fd100000,0x00000000fea80000)
 ParOldGen       total 60416K, used 53582K [0x00000000c2a00000, 0x00000000c6500000, 0x00000000eb900000)
  object space 60416K, 88% used [0x00000000c2a00000,0x00000000c5e53968,0x00000000c6500000)
 Metaspace       used 49964K, capacity 52642K, committed 52864K, reserved 1095680K
  class space    used 6268K, capacity 6710K, committed 6784K, reserved 1048576K
}
Event: 1333.376 GC heap before
{Heap before GC invocations=44 (full 15):
 PSYoungGen      total 239616K, used 16361K [0x00000000eb900000, 0x00000000fea80000, 0x0000000100000000)
  eden space 223232K, 0% used [0x00000000eb900000,0x00000000eb900000,0x00000000f9300000)
  from space 16384K, 99% used [0x00000000f9300000,0x00000000fa2fa7c0,0x00000000fa300000)
  to   space 26112K, 0% used [0x00000000fd100000,0x00000000fd100000,0x00000000fea80000)
 ParOldGen       total 60416K, used 53582K [0x00000000c2a00000, 0x00000000c6500000, 0x00000000eb900000)
  object space 60416K, 88% used [0x00000000c2a00000,0x00000000c5e53968,0x00000000c6500000)
 Metaspace       used 49964K, capacity 52642K, committed 52864K, reserved 1095680K
  class space    used 6268K, capacity 6710K, committed 6784K, reserved 1048576K
Event: 1333.651 GC heap after
Heap after GC invocations=44 (full 15):
 PSYoungGen      total 239616K, used 5591K [0x00000000eb900000, 0x00000000fea80000, 0x0000000100000000)
  eden space 223232K, 0% used [0x00000000eb900000,0x00000000eb900000,0x00000000f9300000)
  from space 16384K, 34% used [0x00000000f9300000,0x00000000f9875cb8,0x00000000fa300000)
  to   space 26112K, 0% used [0x00000000fd100000,0x00000000fd100000,0x00000000fea80000)
 ParOldGen       total 117248K, used 60109K [0x00000000c2a00000, 0x00000000c9c80000, 0x00000000eb900000)
  object space 117248K, 51% used [0x00000000c2a00000,0x00000000c64b3578,0x00000000c9c80000)
 Metaspace       used 49961K, capacity 52636K, committed 52864K, reserved 1095680K
  class space    used 6267K, capacity 6708K, committed 6784K, reserved 1048576K
}
Event: 1334.523 GC heap before
{Heap before GC invocations=45 (full 15):
 PSYoungGen      total 239616K, used 228823K [0x00000000eb900000, 0x00000000fea80000, 0x0000000100000000)
  eden space 223232K, 100% used [0x00000000eb900000,0x00000000f9300000,0x00000000f9300000)
  from space 16384K, 34% used [0x00000000f9300000,0x00000000f9875cb8,0x00000000fa300000)
  to   space 26112K, 0% used [0x00000000fd100000,0x00000000fd100000,0x00000000fea80000)
 ParOldGen       total 117248K, used 60109K [0x00000000c2a00000, 0x00000000c9c80000, 0x00000000eb900000)
  object space 117248K, 51% used [0x00000000c2a00000,0x00000000c64b3578,0x00000000c9c80000)
 Metaspace       used 50180K, capacity 52806K, committed 53120K, reserved 1095680K
  class space    used 6294K, capacity 6744K, committed 6784K, reserved 1048576K
Event: 1334.793 GC heap after
Heap after GC invocations=45 (full 15):
 PSYoungGen      total 239616K, used 228823K [0x00000000eb900000, 0x00000000fea80000, 0x0000000100000000)
  eden space 223232K, 100% used [0x00000000eb900000,0x00000000f9300000,0x00000000f9300000)
  from space 16384K, 34% used [0x00000000f9300000,0x00000000f9875cb8,0x00000000fa300000)
  to   space 26112K, 99% used [0x00000000fd100000,0x00000000fea7a1b0,0x00000000fea80000)
 ParOldGen       total 130048K, used 129517K [0x00000000c2a00000, 0x00000000ca900000, 0x00000000eb900000)
  object space 130048K, 99% used [0x00000000c2a00000,0x00000000ca87b740,0x00000000ca900000)
 Metaspace       used 50180K, capacity 52806K, committed 53120K, reserved 1095680K
  class space    used 6294K, capacity 6744K, committed 6784K, reserved 1048576K
}
Event: 1334.793 GC heap before
{Heap before GC invocations=46 (full 16):
 PSYoungGen      total 239616K, used 228823K [0x00000000eb900000, 0x00000000fea80000, 0x0000000100000000)
  eden space 223232K, 100% used [0x00000000eb900000,0x00000000f9300000,0x00000000f9300000)
  from space 16384K, 34% used [0x00000000f9300000,0x00000000f9875cb8,0x00000000fa300000)
  to   space 26112K, 99% used [0x00000000fd100000,0x00000000fea7a1b0,0x00000000fea80000)
 ParOldGen       total 130048K, used 129517K [0x00000000c2a00000, 0x00000000ca900000, 0x00000000eb900000)
  object space 130048K, 99% used [0x00000000c2a00000,0x00000000ca87b740,0x00000000ca900000)
 Metaspace       used 50180K, capacity 52806K, committed 53120K, reserved 1095680K
  class space    used 6294K, capacity 6744K, committed 6784K, reserved 1048576K
Event: 1336.308 GC heap after
Heap after GC invocations=46 (full 16):
 PSYoungGen      total 239616K, used 0K [0x00000000eb900000, 0x00000000fea80000, 0x0000000100000000)
  eden space 223232K, 0% used [0x00000000eb900000,0x00000000eb900000,0x00000000f9300000)
  from space 16384K, 0% used [0x00000000f9300000,0x00000000f9300000,0x00000000fa300000)
  to   space 26112K, 95% used [0x00000000fd100000,0x00000000fe96c3f8,0x00000000fea80000)
 ParOldGen       total 206848K, used 130030K [0x00000000c2a00000, 0x00000000cf400000, 0x00000000eb900000)
  object space 206848K, 62% used [0x00000000c2a00000,0x00000000ca8fbb60,0x00000000cf400000)
 Metaspace       used 50180K, capacity 52806K, committed 53120K, reserved 1095680K
  class space    used 6294K, capacity 6744K, committed 6784K, reserved 1048576K
}
Event: 1336.631 GC heap before
{Heap before GC invocations=47 (full 17):
 PSYoungGen      total 239616K, used 223232K [0x00000000eb900000, 0x00000000fea80000, 0x0000000100000000)
  eden space 223232K, 100% used [0x00000000eb900000,0x00000000f9300000,0x00000000f9300000)
  from space 16384K, 0% used [0x00000000f9300000,0x00000000f9300000,0x00000000fa300000)
  to   space 26112K, 95% used [0x00000000fd100000,0x00000000fe96c3f8,0x00000000fea80000)
 ParOldGen       total 206848K, used 130030K [0x00000000c2a00000, 0x00000000cf400000, 0x00000000eb900000)
  object space 206848K, 62% used [0x00000000c2a00000,0x00000000ca8fbb60,0x00000000cf400000)
 Metaspace       used 50180K, capacity 52806K, committed 53120K, reserved 1095680K
  class space    used 6294K, capacity 6744K, committed 6784K, reserved 1048576K

